<?xml version="1.0" encoding="UTF-8"?>
<testng-results ignored="0" total="1" passed="1" failed="0" skipped="0">
  <reporter-output>
  </reporter-output>
  <suite started-at="2024-03-09T23:08:57 AST" name="Default suite" finished-at="2024-03-09T23:09:01 AST" duration-ms="4468">
    <groups>
    </groups>
    <test started-at="2024-03-09T23:08:57 AST" name="Default test" finished-at="2024-03-09T23:09:01 AST" duration-ms="4468">
      <class name="JavaClassPackage.JavaClass">
        <test-method is-config="true" signature="myBeforeTest()[pri:0, instance:JavaClassPackage.JavaClass@1d470d0]" started-at="2024-03-09T23:08:57 AST" name="myBeforeTest" finished-at="2024-03-09T23:08:57 AST" duration-ms="128" status="PASS">
          <reporter-output>
          </reporter-output>
        </test-method> <!-- myBeforeTest -->
        <test-method signature="mysecondTest()[pri:0, instance:JavaClassPackage.JavaClass@1d470d0]" started-at="2024-03-09T23:08:57 AST" name="mysecondTest" finished-at="2024-03-09T23:09:01 AST" duration-ms="4317" status="PASS">
          <reporter-output>
          </reporter-output>
        </test-method> <!-- mysecondTest -->
      </class> <!-- JavaClassPackage.JavaClass -->
    </test> <!-- Default test -->
  </suite> <!-- Default suite -->
</testng-results>
